<?xml version="1.0" encoding="UTF-8"?>
<testng-results skipped="0" failed="0" total="2" passed="2">
  <reporter-output>
  </reporter-output>
  <suite name="Suite" duration-ms="11726" started-at="2018-02-08T17:28:42Z" finished-at="2018-02-08T17:28:54Z">
    <groups>
    </groups>
    <test name="Test" duration-ms="11726" started-at="2018-02-08T17:28:42Z" finished-at="2018-02-08T17:28:54Z">
      <class name="example.NewTest">
        <test-method status="PASS" signature="beforeTest()[pri:0, instance:example.NewTest@6442b0a6]" name="beforeTest" is-config="true" duration-ms="5532" started-at="2018-02-08T22:58:42Z" finished-at="2018-02-08T22:58:48Z">
          <reporter-output>
          </reporter-output>
        </test-method> <!-- beforeTest -->
        <test-method status="PASS" signature="e()[pri:0, instance:example.NewTest@6442b0a6]" name="e" duration-ms="1" started-at="2018-02-08T22:58:48Z" finished-at="2018-02-08T22:58:48Z">
          <reporter-output>
          </reporter-output>
        </test-method> <!-- e -->
        <test-method status="PASS" signature="f()[pri:0, instance:example.NewTest@6442b0a6]" name="f" duration-ms="5848" started-at="2018-02-08T22:58:48Z" finished-at="2018-02-08T22:58:54Z">
          <reporter-output>
          </reporter-output>
        </test-method> <!-- f -->
        <test-method status="PASS" signature="afterTest()[pri:0, instance:example.NewTest@6442b0a6]" name="afterTest" is-config="true" duration-ms="336" started-at="2018-02-08T22:58:54Z" finished-at="2018-02-08T22:58:54Z">
          <reporter-output>
          </reporter-output>
        </test-method> <!-- afterTest -->
      </class> <!-- example.NewTest -->
    </test> <!-- Test -->
  </suite> <!-- Suite -->
</testng-results>
