<?xml version="1.0" encoding="UTF-8"?>
<testng-results skipped="0" failed="0" total="1" passed="1">
  <reporter-output>
  </reporter-output>
  <suite name="Suite" duration-ms="19" started-at="2018-02-08T13:37:44Z" finished-at="2018-02-08T13:37:44Z">
    <groups>
    </groups>
    <test name="Test" duration-ms="19" started-at="2018-02-08T13:37:44Z" finished-at="2018-02-08T13:37:44Z">
      <class name="example.NewTest">
        <test-method status="PASS" signature="f()[pri:0, instance:example.NewTest@19dfb72a]" name="f" duration-ms="7" started-at="2018-02-08T19:07:44Z" finished-at="2018-02-08T19:07:44Z">
          <reporter-output>
          </reporter-output>
        </test-method> <!-- f -->
      </class> <!-- example.NewTest -->
    </test> <!-- Test -->
  </suite> <!-- Suite -->
</testng-results>
