<?xml version="1.0" encoding="UTF-8"?>
<testng-results skipped="0" failed="0" ignored="0" total="1" passed="1">
  <reporter-output>
  </reporter-output>
  <suite name="Suite" duration-ms="16879" started-at="2018-02-08T13:21:23Z" finished-at="2018-02-08T13:21:40Z">
    <groups>
    </groups>
    <test name="Test" duration-ms="16879" started-at="2018-02-08T13:21:23Z" finished-at="2018-02-08T13:21:40Z">
      <class name="example.NewTest">
        <test-method status="PASS" signature="beforeTest()[pri:0, instance:example.NewTest@1e88b3c]" name="beforeTest" is-config="true" duration-ms="10860" started-at="2018-02-08T18:51:23Z" finished-at="2018-02-08T18:51:34Z">
          <reporter-output>
          </reporter-output>
        </test-method> <!-- beforeTest -->
        <test-method status="PASS" signature="f()[pri:0, instance:example.NewTest@1e88b3c]" name="f" duration-ms="5747" started-at="2018-02-08T18:51:34Z" finished-at="2018-02-08T18:51:40Z">
          <reporter-output>
          </reporter-output>
        </test-method> <!-- f -->
        <test-method status="PASS" signature="afterTest()[pri:0, instance:example.NewTest@1e88b3c]" name="afterTest" is-config="true" duration-ms="256" started-at="2018-02-08T18:51:40Z" finished-at="2018-02-08T18:51:40Z">
          <reporter-output>
          </reporter-output>
        </test-method> <!-- afterTest -->
      </class> <!-- example.NewTest -->
    </test> <!-- Test -->
  </suite> <!-- Suite -->
</testng-results>
